TN:
SF:src/controller/OwnerController.ts
FN:7,(anonymous_0)
FN:22,(anonymous_1)
FN:31,(anonymous_2)
FNF:3
FNH:3
FNDA:3,(anonymous_0)
FNDA:1,(anonymous_1)
FNDA:1,(anonymous_2)
DA:2,1
DA:4,1
DA:6,1
DA:8,3
DA:10,3
DA:11,2
DA:14,1
DA:15,1
DA:16,1
DA:18,0
DA:23,1
DA:24,1
DA:25,1
DA:27,0
DA:32,1
DA:34,1
DA:35,1
DA:37,1
DA:38,1
DA:41,0
DA:43,0
LF:21
LH:17
BRDA:10,0,0,2
BRDA:10,1,0,3
BRDA:10,1,1,2
BRDA:37,2,0,1
BRF:4
BRH:4
end_of_record
TN:
SF:src/controller/PetController.ts
FN:7,(anonymous_0)
FN:22,(anonymous_1)
FN:31,(anonymous_2)
FNF:3
FNH:3
FNDA:4,(anonymous_0)
FNDA:1,(anonymous_1)
FNDA:1,(anonymous_2)
DA:2,1
DA:4,1
DA:6,1
DA:8,4
DA:10,4
DA:11,3
DA:14,1
DA:15,1
DA:16,1
DA:18,0
DA:23,1
DA:24,1
DA:25,1
DA:27,0
DA:32,1
DA:34,1
DA:35,1
DA:37,1
DA:39,0
LF:19
LH:16
BRDA:10,0,0,3
BRDA:10,1,0,4
BRDA:10,1,1,3
BRDA:10,1,2,2
BRF:4
BRH:4
end_of_record
TN:
SF:src/entity/Owner.ts
FN:4,(anonymous_0)
FNF:1
FNH:1
FNDA:7,(anonymous_0)
DA:3,3
DA:5,7
DA:6,7
DA:7,7
LF:4
LH:4
BRF:0
BRH:0
end_of_record
TN:
SF:src/entity/Pet.ts
FN:4,(anonymous_0)
FNF:1
FNH:1
FNDA:8,(anonymous_0)
DA:3,3
DA:5,8
DA:6,8
DA:7,8
DA:8,8
LF:5
LH:5
BRF:0
BRH:0
end_of_record
TN:
SF:src/graphql/resolvers.ts
FN:10,(anonymous_0)
FN:11,(anonymous_1)
FN:12,(anonymous_2)
FN:15,(anonymous_3)
FN:22,(anonymous_4)
FNF:5
FNH:5
FNDA:1,(anonymous_0)
FNDA:1,(anonymous_1)
FNDA:2,(anonymous_2)
FNDA:3,(anonymous_3)
FNDA:2,(anonymous_4)
DA:1,1
DA:2,1
DA:3,1
DA:5,1
DA:6,1
DA:8,1
DA:10,1
DA:11,1
DA:12,2
DA:16,3
DA:17,3
DA:18,1
DA:20,2
DA:23,2
DA:24,2
DA:25,1
DA:27,1
LF:17
LH:17
BRDA:17,0,0,1
BRDA:17,1,0,3
BRDA:17,1,1,2
BRDA:24,2,0,1
BRDA:24,3,0,2
BRDA:24,3,1,1
BRDA:24,3,2,1
BRF:7
BRH:7
end_of_record
TN:
SF:src/graphql/schema.ts
FNF:0
FNH:0
DA:2,1
DA:4,1
LF:2
LH:2
BRF:0
BRH:0
end_of_record
TN:
SF:src/service/OwnerService.ts
FN:5,(anonymous_0)
FN:8,(anonymous_1)
FN:14,(anonymous_2)
FN:18,(anonymous_3)
FN:19,(anonymous_4)
FNF:5
FNH:5
FNDA:6,(anonymous_0)
FNDA:7,(anonymous_1)
FNDA:3,(anonymous_2)
FNDA:3,(anonymous_3)
FNDA:2,(anonymous_4)
DA:2,3
DA:3,3
DA:5,3
DA:6,6
DA:9,7
DA:10,7
DA:11,7
DA:15,3
DA:19,3
LF:9
LH:9
BRF:0
BRH:0
end_of_record
TN:
SF:src/service/PetService.ts
FN:5,(anonymous_0)
FN:8,(anonymous_1)
FN:14,(anonymous_2)
FN:18,(anonymous_3)
FN:19,(anonymous_4)
FNF:5
FNH:5
FNDA:6,(anonymous_0)
FNDA:8,(anonymous_1)
FNDA:3,(anonymous_2)
FNDA:5,(anonymous_3)
FNDA:6,(anonymous_4)
DA:2,3
DA:3,3
DA:5,3
DA:6,6
DA:9,8
DA:10,8
DA:11,8
DA:15,3
DA:19,6
LF:9
LH:9
BRF:0
BRH:0
end_of_record
